<testsuites name="jest tests" tests="5" failures="0" time="1.542">
  <testsuite name="undefined" errors="0" failures="0" skipped="0" timestamp="2020-07-20T18:52:35" time="1.542" tests="5">
    <testcase classname=" Testing for cycle length 1" name=" Testing for cycle length 1" time="0.083">
    </testcase>
    <testcase classname=" Testing for cycle length 2" name=" Testing for cycle length 2" time="0.055">
    </testcase>
    <testcase classname=" Testing for cycle length 3" name=" Testing for cycle length 3" time="0.065">
    </testcase>
    <testcase classname=" Testing for cycle length 7" name=" Testing for cycle length 7" time="0.109">
    </testcase>
    <testcase classname=" Testing for cycle length 31" name=" Testing for cycle length 31" time="0.285">
    </testcase>
  </testsuite>
</testsuites>